        -2.01719       -0.398302       -0.841826
        -0.30587      -0.0601591       -0.284101
        0.616777         1.09419       0.0613983
       -0.421796        0.272059        -1.02567
        0.828618        -1.73621        0.777643
        0.704164        0.446193        0.531881
        0.530152         1.37306        -1.49447
       0.0958048       -0.697782       -0.823657
       -0.226023       -0.305907        -1.30305
        0.291484        -1.07204      0.00780142
        0.178344        0.543542       -0.212008
       -0.660516        0.456979       -0.897879
        0.661776        0.605458        0.401046
        -0.83226         1.86891       -0.434672
        0.431327        0.699163         1.48683
        0.422302        -2.31584        0.867951
        -1.34344        0.194851        -1.77908
         1.14868         1.45588        -1.68552
        0.699919        -1.11698        0.449003
       -0.736321        0.337536       -0.770156
         1.73084       -0.377693        0.350097
        0.285196        0.641114       -0.842479
       -0.269308       -0.457314        0.476735
        0.336618       -0.701369        0.753064
       -0.835695        0.693433        0.235001
       -0.213504        -1.94928        0.816245
       -0.646552      -0.0117839         1.83045
        0.210319         0.67969         2.74632
        0.739931        -2.96094         2.72335
         1.82009         -3.0053         2.00048
         1.10511       -0.235187       -0.853183
       -0.766553        -1.64542        0.962666
       -0.044245       -0.973534       0.0376018
        -1.61824        0.703061        -0.27458
        -1.22051       -0.459922       -0.222464
         1.70105       -0.414828        -1.05045
       -0.894328        -1.42108       -0.127786
         1.06103        0.669699         1.01483
        0.992961         0.48243          -1.127
         1.08973      -0.0543366       0.0582294
        -0.40324        0.122215         1.60897
        0.383428        -2.30215        0.160145
       0.0483743      -0.0520519          1.3875
        -1.24528        0.187217         1.28573
        0.339475        0.865209       -0.486668
        -1.53373         1.59289        0.847966
        0.779135        0.901628       -0.750829
       -0.479468        0.297147       -0.548594
        -0.61926         1.11162       -0.112481
        0.266347         1.19342       -0.777289
        0.107569        -1.34042        0.849072
       -0.489393         2.24715        -0.94025
        -1.05616         1.84336        -0.98085
       -0.158905        0.583537       -0.912979
        -1.11044       -0.911863       -0.316267
        0.189473        0.176074         2.06565
        0.618325        0.371422        -0.91071
       -0.411878          1.8204         1.74997
       -0.387471         1.87147         2.16604
         2.66452        0.461296        0.637317
        0.167726        0.454995       0.0544109
      -0.0957213        0.899732      -0.0411967
         1.05246        -1.08408        0.160713
        -1.52726       -0.688544       -0.457448
        0.268462       -0.452327        0.623427
        0.129004       -0.723799      -0.0925843
       -0.425549         0.10363        -2.20574
       -0.310393         1.21863        -1.43386
       -0.271116      -0.0818897        -1.02536
         1.37401        0.555165       -0.410031
       -0.869499         1.14418        0.250564
       -0.354191        0.517439       -0.442036
       -0.151536        0.191198        -1.81609
       0.0601535        0.270995          -2.275
        0.573776        -1.64436         1.30931
       -0.745118        -1.46337       0.0741495
        0.931785       -0.657649        0.168046
         0.54968         1.38236          1.4039
        -1.38123         1.04095        -1.16377
       -0.143339        0.806583       -0.277391
       -0.727367        -2.19673       -0.582672
         1.06754       -0.453384       -0.678826
       0.0757144       -0.253308       -0.485596
       -0.732138         1.97329         1.28456
         0.62942       -0.700405        -1.47415
        0.131263       -0.214263        0.410078
      -0.0503382        -0.28214         1.14114
         1.72949        -1.14672       -0.525734
         1.23209        0.535421        -1.32181
        -1.57702        -1.33765         1.16106
        0.341117       -0.348904         1.04332
         1.08635        0.472172        0.374183
        0.918737       -0.347583         0.14343
        -1.12916         2.11211       -0.547946
        -1.09275         2.29113       -0.811714
         1.45401        0.381247      -0.0801844
         2.68881        0.343424       0.0632715
      -0.0889115        0.727129         1.95122
        0.782314         1.40087       -0.770391
        -1.29732       0.0197306       0.0343757
        -1.85846        -0.47074        0.401256
        -1.95105        0.850945         1.76185
         -1.0327       -0.993607         2.11482
        -1.56752        -1.45438         -1.8672
        0.526582        -1.77853        -1.96702
       -0.361751       -0.195692        0.180117
        0.236657        -1.04834        -1.32312
       -0.396986        -1.56057       -0.592361
