       -0.121567         1.34466        0.228159
        0.655849          1.1935         -2.9711
        -1.20222        0.164931       0.0289519
         1.64265       0.0586676        0.498216
        0.593164        0.677028       -0.730302
         2.15199        0.546679        0.864545
       -0.650701        -1.12317         1.59018
       -0.921676         2.04553        0.179737
        -1.82948       -0.077218       -0.338907
         1.96264       -0.680642       0.0634221
        0.534478        0.144534         1.01654
         2.29276       -0.424366      -0.0127213
        -0.59685        -1.34629        0.326842
       -0.244457       -0.646328         -1.7871
       -0.490919         2.05759        -1.58466
       -0.506252        -1.51644        -1.27568
        0.135184        -1.17349        -1.13076
      -0.0514369        -1.92075        -1.87212
         1.92425       -0.569281        0.257715
      -0.0649514        0.543696       -0.975263
        -1.03447       -0.285657         1.17487
        0.589572       -0.905329        -1.48625
       -0.837993         -0.7732          1.1456
        -1.42217        0.168798        -1.15272
         1.38088          1.4363       -0.669773
       -0.314127       -0.744641         1.26809
         1.42655        -1.67528       -0.709719
        0.573161        0.332079        0.134101
        0.282672       -0.262181       0.0676061
        0.310308         1.16874        0.271949
        0.874491       -0.753836       0.0149635
       0.0819355        0.990595        -1.25073
        0.385083       -0.279711      -0.0326104
        0.822421         2.13296        -2.15425
         1.14978        0.675633        0.846095
        -1.71733      -0.0590108        0.254064
        0.127393       -0.214438      -0.0379096
         0.24356         1.52492         1.11665
       -0.825286         2.12857       -0.265653
        0.445578        -1.85738       -0.250146
        0.233664      -0.0446721        0.835967
       0.0985928       -0.361107        0.621898
       -0.345527       -0.142746        -1.14857
     -0.00883887         -1.2649         -1.6705
        -1.11607       -0.535139       -0.430904
       -0.691749        -1.48216        -1.45089
         1.25393       -0.220281        0.220826
       -0.702192       -0.430911         1.16028
        0.654234        0.544798         2.82612
       -0.654816       0.0181551        0.459933
        0.871471         0.66537         1.51156
         1.02773         1.00167        0.206269
         1.15318        -1.03441        -2.12002
       -0.221646         1.13956        0.718718
       -0.332687        -0.45654         1.78516
         1.28459       -0.266756         1.32819
         -1.5065         1.10014        0.716002
       -0.400962        -1.89856        -2.20127
        0.783561       0.0808357         0.50017
        0.333131       -0.029804         1.57201
         1.88433          2.1732        -1.08342
       0.0126877         0.79573         1.48419
        -1.71985        0.107342         1.81852
        0.802754       -0.628024        -1.60838
         1.53175        -0.80395       -0.637146
       -0.443917       -0.825724        -1.18606
        -1.30636         1.81611        0.187572
        -2.91938       0.0100546       -0.269653
       -0.180211        0.704249        -0.89369
        0.210016         1.03182        0.937536
        0.922413         1.06408        0.378932
        0.744435        -2.12724        -1.26713
       -0.588374         1.40758        0.539913
       -0.481228        0.477803        0.289137
        -2.07338       -0.821918       -0.964633
       -0.053831        -1.94582          1.5162
        0.298534       -0.230299       -0.395196
        -2.47169       -0.941872        0.410653
        -1.07918         1.70606        -1.35576
       -0.801704        -1.66611       -0.338414
         1.32854        0.503104        -1.35351
       -0.924189         1.18939        0.968652
        0.226181       -0.419117       -0.464064
       -0.610809       -0.795249        0.223459
       -0.749869        0.586049        0.505976
        -1.51238        0.746582       0.0613172
       -0.414915        -3.33978        0.115315
       -0.931184        0.695156        -1.36746
        0.157743          1.9886        0.932844
        0.529699        0.104336        0.313505
         1.68929       -0.188457        0.445635
        -1.05752        -1.24224       -0.018239
      -0.0941722        0.904458      -0.0570752
        0.194248        0.636517       0.0304315
       -0.531783       -0.870317       -0.159137
        -1.35071       -0.191165         0.92241
        -2.00273         2.09742       -0.866918
        -1.65388          2.3758        -0.48163
        0.661608       -0.792035        0.220024
      -0.0510355        0.423908        -1.12266
         0.75384         0.99924        0.255979
        -1.70062        -1.58003         2.05921
         1.34341        -1.12117         3.59545
        0.788779        -1.16016        0.856313
       -0.215486        -1.19716        0.123568
         1.66628      -0.0711007         1.57071
         1.69888        0.457619       -0.523735
         1.00742       -0.472602       -0.450391
