        -1.43883        -1.19406      -0.0807516
        0.682185       -0.740535      0.00382629
        0.755403        -1.18242        0.638383
       -0.726863        -1.03662        0.397249
        0.202791       -0.408456         0.36093
         0.81331        0.752107        0.873664
        -1.58618       -0.832292       -0.147144
       -0.418919       0.0199998       -0.832335
       -0.171036        -1.34435        0.396222
        -1.77614        0.553062        0.187942
        -1.29827       -0.360827        -1.60342
        -1.40635       -0.399697       -0.272579
       -0.325522       -0.550404        -0.78383
         1.68043       -0.128552       -0.114058
        -1.14471        -1.19269       -0.249053
         -1.3426     0.000497085        -0.61859
       -0.735217        -0.93817       -0.588105
       -0.206411        0.760373        -0.45651
        0.961171       0.0725245      -0.0776339
        0.933772        -0.02247        0.101133
       -0.391472        0.393016         0.78603
        0.486613         1.47398        0.968028
        0.783727         1.07425        0.631634
      -0.0616707        0.970523       -0.550395
       -0.686342      -0.0586409         1.23882
       -0.149172         1.42459        -1.29811
        0.342019       -0.106719       -0.767906
        0.565004       -0.173629        0.159215
        0.111636            1.67        -1.08244
       -0.943972       -0.606766       -0.114508
         0.40976      -0.0307502        -0.31691
       -0.680391        -1.04005         1.79681
        0.398659        0.537042         1.40879
        -1.59132      -0.0165037        0.457546
       -0.460632      -0.0181027       -0.775022
        0.561355        0.106166       -0.679602
         1.27096         -1.1921         1.18749
       -0.833349       0.0841734        -1.12925
       -0.478459       -0.760502       -0.339935
        -1.11386       -0.389892       -0.209393
        0.702429         -1.1096        -0.30422
       -0.505689         1.00619       -0.360658
         1.16321        0.486665       -0.617807
         0.88969       -0.259589       -0.767126
        -1.16873         0.55377        0.390509
        0.406593        0.680066        -1.73292
       -0.293315        0.438139        -0.91584
         1.66724         0.17289        -0.45345
       -0.459933        -1.22669         1.15344
      -0.0861065        -1.14825       -0.543297
         1.07076       -0.216156       -0.334972
       0.0258374        0.235704        -1.27407
       -0.284908        -1.06683       -0.726145
        0.406197        0.282679        -1.40655
       -0.240791         1.23257        -1.07848
         1.18189        0.614989        0.256267
          1.0562       -0.300214        -0.19769
       -0.703126        0.210637          0.2296
         1.42176       -0.215289         1.61731
       -0.410368         1.51534        0.268147
        0.282464       -0.913794         1.75268
       -0.153051        0.564028         1.39281
         1.28853        0.441387        -1.35972
        0.590086         1.46289         2.38826
        -1.20751       0.0251598        0.243016
      -0.0871313        0.822261        -1.36126
       -0.885598        0.491004        -1.71921
         0.41654        0.232873       -0.413628
       -0.750956       -0.713455       -0.457832
         1.50298        0.293342         1.43282
       -0.262885       0.0858248       -0.635872
       -0.517111       -0.321371       -0.281598
       -0.814236       -0.985104         1.10887
        0.626313         1.09919         1.15016
        0.282149       -0.258331        0.298733
        -1.08034       -0.568738       -0.762789
       -0.242142       -0.463336         1.13231
         1.37207       0.0955853         3.09497
        -1.49318        0.379389       -0.322173
        0.292385         1.05727        0.444658
        0.618809        -1.22126          1.8615
        -1.12153       -0.836366        0.521389
         1.35429        0.153012       0.0502562
         1.08264        -1.24444        0.210483
         0.46412        0.782622         1.01502
      0.00294284       -0.326383        -2.10616
        0.647436        0.728968         0.09777
       -0.433186        0.105622       -0.908731
        0.296357        0.461383        0.905692
        0.615965          1.8481       -0.353823
       -0.529033        0.461761       -0.150142
        -1.78437         1.40195         1.26004
        0.179359         1.82167        0.560646
       -0.680914        0.300223       -0.328109
       -0.315585       -0.874526        -1.95527
         1.01178        0.586295       -0.655068
      -0.0898426       -0.947707          1.0294
         0.50179        -1.26027        0.121163
         1.11578       -0.471696        -1.53642
        0.789742       -0.948943       0.0724302
       -0.121638       -0.219152        0.246102
         1.60182       0.0199348        -0.69153
         1.44679       -0.349182       -0.502524
       -0.971427      -0.0439971        0.638826
       -0.693205       -0.683655        0.816032
         1.17781        0.147508        0.522267
        -1.13816       -0.691689        -0.35449
        -1.01785         1.42002        0.779774
