          1.6936        -0.30711      -0.0710395
       -0.137395        0.555208        -0.82874
        -1.24054        0.987343         0.10898
       -0.544634      -0.0308276        -1.31882
        -1.53342         0.34855        0.727547
      -0.0339347        -1.03465         1.13515
        0.997279         1.51666        -0.48169
       -0.736206        0.285785       0.0282004
       -0.906777       0.0125274        0.730343
        0.571703       -0.396668       -0.907741
        0.119938        0.170782       -0.673936
        0.763636     -0.00224215        0.801712
       -0.335255      -0.0718475        0.876485
        0.767588         1.19134        0.981753
         -1.2094        0.587211         0.95371
        -1.55691       -0.710861        0.947845
        0.232772        0.700833        0.733124
        -1.27783        0.789561      -0.0598512
       0.0245834      -0.0818121        0.269291
        0.510879        0.184039       -0.491024
         1.86943       -0.156588         0.58234
        0.134149       -0.793561      -0.0723993
       -0.411651         2.18681       -0.455417
        0.307953        -1.15816     -0.00486197
       -0.725946        0.349396       -0.782288
       -0.446904      -0.0640959        0.643491
       -0.325282        -1.16734        -0.77041
         1.36655        0.230447       -0.183406
        0.491972        0.391174        0.394121
        0.667655       -0.468745        0.556562
       -0.300839       -0.212348       0.0502636
        0.337676         1.07646          -1.111
        0.823327        0.481053        -1.34089
       -0.591229       -0.453005       -0.952315
        0.569141        0.509795        0.936127
        0.594575       0.0844377       -0.737221
         1.01734      -0.0442313       -0.441485
      -0.0212645        -1.00163        0.877608
       -0.197618        -1.02577       -0.622892
       -0.555417        0.594676        0.388444
        -1.49629       -0.176211        0.443271
       -0.247411       -0.179452        0.581393
       -0.162926        -1.22462        0.249993
       -0.250818        0.415765       -0.477945
       -0.759709        0.006679         1.01362
        -1.67256        0.552422         1.31355
        0.679573        0.871998        0.340923
        -1.38973         0.60959         1.19522
        0.489311      -0.0977015       -0.120769
       -0.723881        0.259261        0.303474
        0.149111       -0.769414       -0.773395
        0.925192         1.26302       -0.935134
        0.371998        0.183557        0.221005
        0.446351        -1.63419        -0.74687
        0.134194       -0.165526       -0.295022
        0.867206         1.12379         1.68258
      -0.0237372        0.137532       -0.156661
        0.891465       -0.699462       -0.699789
       -0.981747        0.237585       -0.284271
      -0.0402243       -0.701637       -0.429373
        -1.08357       -0.531658       -0.144446
        -2.06614       -0.513661       -0.445378
       -0.073199       -0.319818        0.172136
       -0.381759       -0.365343       -0.420123
        -0.27363       -0.544046        -1.36607
        -1.14523         1.29834        -1.26227
         0.49409      -0.0492953         1.38593
        -1.49574         0.84181        0.576109
       -0.431158        0.923222       -0.399227
         0.55952        0.607176        -1.61566
         0.92291       -0.616085       -0.419488
         1.19244         -1.2001        0.615408
       -0.123364         1.33413        0.270255
        0.825485       -0.351185        0.271752
        0.178346       -0.489184          1.0455
         0.62531       0.0676934      -0.0849787
       -0.421163       -0.118716       -0.109648
       -0.981229        0.281745       -0.837289
        -1.20256        0.255015        0.390888
        0.735913      -0.0288624         -0.2817
       -0.507157       -0.815337         1.30347
       -0.435508       -0.303904        0.683477
         1.59375        0.644776       -0.198607
        0.158995        0.401195        -1.36367
        0.733832       -0.929534        -0.11296
      -0.0880258       0.0228869       -0.300496
       -0.222495        0.491155         0.17891
          1.2008       -0.521957        0.659864
         1.94847        0.174131       -0.995946
        0.368361       -0.518023        0.162263
       -0.874138        0.197105       -0.442587
         -1.1546       -0.557389        0.462057
        0.291774        0.364723         0.24977
       -0.669458       -0.496407       0.0260913
       -0.341575       -0.839497        0.340463
        0.285258        0.670485       0.0164379
        0.364928       -0.192748     -0.00380488
        0.450713       -0.448117        0.795662
       -0.464262        0.235292       -0.172152
        0.255309       0.0937757        0.233487
       -0.142298       0.0629058       0.0834371
       -0.197782        -0.29366        0.260685
         1.16543       -0.621224       -0.363982
         1.60356        0.801353        -0.78181
        0.316082        -2.27242        -1.12922
        -0.04479        -1.11134      -0.0143249
       -0.591972         1.26647       -0.057636
         1.16289      -0.0514419        0.297935
