        0.910967        0.885894       -0.286687
        0.191726          1.0342       -0.326092
        0.134369       -0.280381       -0.212817
        0.583083         0.14484        0.735425
        0.728312       -0.339782        -0.18571
     -0.00665707       -0.600935       -0.441826
       -0.267389       -0.226499       -0.724505
      -0.0142167        -1.50811       -0.635889
        0.821098        -1.01354       -0.216621
        0.292029       -0.293311       -0.731061
       -0.690106        0.521369        0.624724
         0.50079       0.0887301       -0.930856
       0.0107599        0.714958       -0.858723
        0.812397        0.390796        0.038194
       0.0504631       -0.212331       0.0707977
        0.223789        0.529349         1.57375
      -0.0598384        0.585412        0.144676
        0.136997        0.536363       0.0973387
       -0.363946      -0.0165453         1.21269
       -0.712639       -0.314878        0.379167
       -0.401827      0.00247622       -0.170236
        0.654409       -0.270544         1.78293
       -0.254164        0.191592       -0.226652
        0.512468        0.413916        0.136636
         0.47337        0.206933        -1.28448
        -1.39138        0.490618       -0.549764
        0.586566       -0.381295       -0.791636
        0.931586       -0.735117         0.59996
       -0.254434        0.468143        0.507243
       -0.166347       -0.735726        0.311516
         1.15871         -1.0354        0.128367
        0.497877        0.113052        0.384871
       -0.387715       -0.413263         1.46217
        0.254961         1.10014        0.163927
        0.310292         0.71689       -0.536554
       -0.174086        -0.70156       0.0800113
        0.775916        -0.10823      -0.0764862
       -0.917363        -1.70005         0.10576
        -0.16345       -0.343558         1.51047
       -0.668564      -0.0270842        -1.33443
        0.577186        0.384125        0.545564
        0.502387        0.561702      -0.0799982
        0.410265         1.06189         1.83619
       0.0736796        0.851205       -0.226888
       0.0181131        -1.14484       -0.503171
        0.590686       -0.289506         1.19695
        -1.25037     -0.00744001      -0.0227884
      0.00297949        -0.14393       -0.289444
       -0.544655        0.167576        -1.15516
        0.232529        0.314284         0.28384
       -0.323437        0.184473       -0.688814
        0.600653        0.349282       -0.142878
       -0.957306        0.434071       -0.135864
        0.748862       -0.448011       -0.369985
        0.671267        0.101488      -0.0806886
        0.566493        0.385204       -0.379771
       -0.883709       -0.789693       -0.774007
       -0.342263        0.196171        0.150797
       -0.320894        0.919382        0.312273
       -0.532753        0.280624       -0.923419
         0.13602        0.748697        -1.25184
        0.618184       -0.856725        0.296257
       -0.509356       0.0775784       -0.380452
      -0.0493884        0.748203        0.334519
       -0.875095       -0.739654        0.814502
       -0.575335        0.272626       -0.381177
       -0.253503       -0.419141        0.601186
       -0.982456         1.17901        0.346778
        0.643834        0.473566       -0.176031
         0.17782       -0.198365        -1.11536
        -0.79387       -0.852423       -0.219621
       -0.780136       -0.135821        0.983116
         1.04994      -0.0228369       0.0353228
        -1.16685        0.504058         0.14342
        0.754651       -0.609644        0.185822
        0.351313       0.0356464        0.549416
        0.814281       -0.683471        0.311242
         1.45105        0.683025       -0.721842
        0.490209       -0.384254       -0.184597
       -0.500852        0.205195          0.4174
        0.211954        0.842209       -0.749668
         0.32687       -0.856935        0.207713
       -0.872763       0.0531066       -0.117892
       -0.787902       -0.650677        0.354751
       0.0482247        0.370205       -0.232725
       -0.795341         1.29131       -0.718759
         0.68595       -0.277124       -0.415411
       -0.684296        -1.84005        0.583326
       -0.794057       -0.506299        0.164518
       -0.334689         1.42219       -0.436801
      -0.0227534        0.164184       -0.262253
       -0.193438       -0.824275        -1.04619
       -0.488544      0.00671117         1.13456
       -0.580672          0.6668          1.3907
       -0.184678       -0.922835        0.652403
        0.689999         1.05321        0.993668
        0.893357       -0.563011       -0.379905
        0.349995         0.76671       0.0738014
       -0.378891        0.462364         -1.1018
       -0.275421        -0.41987        -1.03019
        0.502478        -0.34243       -0.456538
        0.105308      -0.0197478       -0.843835
      -0.0629222       -0.267694        0.691987
        0.537396        0.531375        0.201147
       -0.584408       -0.168202        0.490775
        -1.10015       -0.827219        0.024065
        0.321934       -0.990161        0.283616
        -1.03152        0.575297       -0.125474
