        -2.49184         1.51617       -0.557822
          1.3452       -0.638605       -0.918043
       0.0127222       -0.267595        0.951563
        -1.29824       -0.239384        0.691344
        0.267987       -0.633805        0.277678
         1.36987       -0.465299       -0.830772
       -0.764686       -0.399973        -0.75001
          2.1036        0.254368        -1.02953
        0.190805         1.10254        -1.50317
      0.00770676        0.672082        0.237483
          1.2829        -1.39754       -0.888276
      -0.0217268         1.12684       -0.269917
         1.34204       -0.458269         0.85775
       -0.347886        0.988311        0.214201
        0.726377         -0.5856        -1.73753
        0.780737        0.959578       -0.735119
        0.130299        0.911453        -1.38304
       -0.974179         1.22202        -1.50259
         0.30811         0.03963        -0.44994
        -1.43223         1.02645         1.35754
       -0.248704    -6.16705e-05       -0.867862
        0.184998        0.906521       -0.253574
        -1.56496         1.55988         -1.6531
        0.613046        -1.59265        -1.01998
        0.354264       0.0771016       -0.528786
       -0.684644        -1.30909        0.692929
       -0.664101       0.0921986       -0.222466
        0.575297       -0.308875       0.0669927
       -0.230602         1.02512           1.143
        -1.91961        -1.58505      -0.0759797
        -1.43052        -1.57805        0.952296
       -0.326382        0.721307          0.0636
        0.971661        0.515854         0.08857
        0.210227       -0.680564        0.590485
        -2.08831        0.229326       -0.166825
        0.597303         1.17007         0.28607
        -1.71377        0.227737        -1.54213
        -1.23771      -0.0922977        0.604654
       -0.291471        0.459449         1.06756
       -0.568763       -0.592126        0.120438
        -1.71029       -0.424665       -0.858312
        0.509933       -0.648281        -1.64094
       -0.917646        -2.50469       0.0188998
        0.691085       -0.670647        0.617145
         2.07105        0.547293       -0.724335
        0.971497        0.669199        -1.09469
      -0.0335906       -0.557824       -0.427361
         2.52263        0.946268       -0.740103
        0.156216        0.422831        0.467057
      -0.0112606         1.56733        0.497025
       -0.500421         1.21795        -1.34497
        0.450907         1.08958       -0.136195
        -1.73583        -1.47843        0.267863
        -0.15047        -2.56939        0.762901
      -0.0780475       -0.831438       -0.165225
         0.27884        -0.37264       -0.785506
         1.63727      -0.0427897       -0.366936
       -0.177156      -0.0854694        0.951126
       -0.428714        0.649985        0.256668
         -1.2467         1.07239       -0.394703
        0.555544       0.0644245        -1.23698
       -0.259176       -0.315971       0.0996241
        -1.99089       -0.478042        -1.91034
        0.349439        -1.50957         1.26623
          1.7653        0.117441        0.971522
       0.0191446         -1.2893       0.0511514
       -0.754003       -0.791528        -1.71224
     -0.00222017       -0.900752        -1.42516
      -0.0398211       -0.303536       -0.413161
        0.405055       -0.161302         1.30225
         1.19844        0.101913       0.0447647
         1.18076         1.68035        0.592809
       0.0480268      -0.0335379       -0.608018
         1.33663       -0.457905          1.4711
       -0.910194       -0.229248        0.389031
        0.500441       -0.446262        0.240745
        0.187393        -1.03047        0.503471
       0.0597325        -1.61234        0.201052
       -0.844844       -0.545046         1.03826
         1.27492       -0.357015        0.962118
        -0.51934       -0.735112        0.757618
         1.98588        0.339504        0.117454
        0.096822         1.50166       -0.297954
       -0.776698        0.957294          1.8642
         1.35807       -0.225794        0.405333
        0.760098        0.903313         0.97913
        -1.68354       -0.689302        0.937252
        0.436123       -0.309583        0.399968
        0.982909       -0.130852          -1.895
       -0.532362       -0.273671       -0.779255
       -0.188921        0.447877         1.35233
       -0.427567      -0.0546907        0.893486
        0.572649        0.409259        0.925661
       0.0653718       -0.418105       -0.863947
         1.70559       -0.138974        -0.40816
       -0.480647        0.468186       -0.806472
        0.274232       -0.340216         1.11371
        0.540341        0.311107        0.973418
        -0.24647       -0.257227         1.36434
       0.0669701        0.484611        0.866794
       -0.970359        -1.12243        0.154708
        0.737877         1.56366         2.05438
       -0.358266         1.03034        0.165001
       -0.337329        0.441776        0.253965
         0.10858        0.981178        0.177569
        0.170925      -0.0370834         1.62177
         -1.3694         1.37079       -0.377279
        -1.42535       0.0444423       -0.315343
