       -0.287412        -1.13302       -0.121373
        -1.12598        0.138683        0.359143
       -0.112979        0.525116        -0.67365
       -0.240599        0.355347        -1.11413
       -0.683624        0.118664       0.0852741
       -0.508859        0.564451       -0.109613
       -0.590746        0.870231       0.0076413
        0.416796       0.0986537       -0.328141
        0.252425        0.604897          0.9461
        0.406442       -0.809721        0.452113
        0.855525        0.417057       0.0351361
       -0.639897        0.847302        -1.07753
       -0.524705       -0.319939       -0.163114
       -0.123787        0.593206        0.588201
        -0.38253        -1.41164        0.251926
        0.447308        0.574154       -0.572698
       -0.177481       -0.747574        -1.02876
       -0.391622       -0.105649        0.341636
       -0.392094        0.178609         -0.2532
        0.061443       -0.641124        0.837588
       -0.343032       -0.444968       -0.755665
        0.939305        0.690045        -1.23025
       -0.588775         1.01411        -0.26929
       -0.200145       -0.143761       -0.465238
        0.270452         1.15673       -0.830569
         0.31873        0.130777       -0.833451
        0.788653       0.0752507       0.0228727
         0.34627       -0.587734        0.509935
        0.518351       -0.424432        0.307285
       -0.530624        0.479966       -0.758808
       0.0602293        0.754417        0.511547
         1.39015        -0.63649       -0.470054
         1.38044         1.01459        -1.68815
         0.90634        0.865723       -0.439502
          1.4614       -0.534561         0.67045
       0.0289251       -0.701866       -0.443372
       -0.466391        0.635896         1.38688
       0.0503153        0.960732       -0.116756
        0.647678        0.341923       -0.318727
       -0.783406      -0.0614379       -0.643435
       -0.846632        0.206395       -0.638148
       -0.784042       -0.461544        0.881539
        0.423965        -1.50392        0.060373
       -0.656802       -0.123376        0.688725
      -0.0210877        0.673615        0.102491
        -1.18741       -0.803812        0.167445
      -0.0689718        -0.49449         1.06771
         1.38969       0.0510725       0.0759498
       -0.544541        -1.34236        0.433727
        -1.03832        0.699271        0.636327
         1.21378       -0.182059       -0.704801
        0.274934       -0.503901         1.33767
        -1.12588       -0.999254         1.53177
        0.930999       -0.761906       0.0510954
       -0.657843        0.390938        0.172579
         0.24831        0.324085        -1.12992
       -0.609629        0.773354        0.669904
       0.0363618         -1.2959        0.322172
        0.776663       -0.115726        0.197502
        0.669121       -0.252786       -0.281355
        0.481686         0.40266       -0.091671
       -0.862933        0.494993         0.72567
        0.903771      -0.0982845       -0.145399
        0.760758         1.07682       0.0242576
      -0.0779064        0.373195       0.0227577
        0.165756        0.667986         1.53613
        0.839302        0.532598        0.802401
       -0.553889        -0.59953       -0.575205
       -0.876064        0.344739        0.167098
         1.99322        -1.20124       -0.505084
       -0.617047       -0.212961        0.316307
       -0.248415        0.423323        0.461378
        0.637569        0.508096        0.225046
       -0.622187       -0.310463       -0.386655
       0.0838509       -0.680739         -1.3359
       -0.500412        0.115783      -0.0317309
        0.414899        0.811671        0.370702
       0.0273469        0.987155        0.593658
        0.118011       -0.718967       -0.785393
       -0.648416       -0.228514        -1.42368
         0.59563       -0.411269        0.903422
        0.403386        0.293065      -0.0833249
       -0.197262        0.191873         1.16039
       -0.687022        0.555797        0.469806
        0.298711        0.244485        0.557176
        0.999364        0.269925        0.968717
       -0.262396       -0.190002       -0.549331
       -0.167711       -0.683424        -0.48622
         1.32572       0.0597783        0.439721
       -0.363953         0.56726        -0.73473
        0.119638       0.0305972       0.0523652
       -0.674824       -0.260911        0.327144
        0.961786        0.258957       -0.787071
       -0.906464        -0.61387        0.288346
       -0.129206       -0.745285         1.29611
        0.388654       0.0269169        0.322701
       -0.750701       -0.084051        0.379074
        0.559888       -0.660736        0.991112
         0.45828        0.473481       0.0209723
       -0.773068       -0.582695         0.30492
        -1.67019       -0.833013         0.19378
        0.103855         0.40117        0.334071
      -0.0961892       -0.702495        -1.85541
       -0.297531        0.421859        -1.04298
        0.268989       -0.521284        0.250111
        -1.91527      -0.0785956       -0.986013
        0.729935         0.34184       -0.385424
       -0.616103      -0.0380169       -0.565146
