          1.4815        0.951367       -0.612894
       -0.100867        0.064352        0.333093
        0.735778         1.16671          1.2875
       -0.137584      -0.0657356       -0.159081
       -0.849307          2.1862       -0.290112
        0.952682        0.971719        -1.08295
        -1.01182        0.392889     -0.00588893
        -1.27778        -0.73915       -0.424836
       0.0518869        0.725903         1.56967
        0.318494       -0.870122         1.14338
       -0.686425        0.461906       -0.772762
       -0.311336        0.533682        0.426676
        0.844231       -0.253681         1.33955
       -0.180584         0.61055        0.375691
         1.10694       -0.722839        0.546458
        0.495828         1.29602         1.23195
         1.17433       -0.623513         -1.4338
      -0.0682833         1.53644         0.35866
         1.41265          1.0096       -0.845559
        0.539035         1.56777       -0.774289
        -1.79936        0.429739        0.731435
       -0.354075         1.47684        0.880808
       -0.355378        0.537157        0.916287
         1.34451        0.464696        -1.17539
       -0.622101         2.61276        -2.99347
      -0.0314197        -2.69591        0.648427
       -0.333028         -1.3377         1.15265
        -1.91291        -1.92993        0.694977
       -0.256513         -1.1349         1.40156
        0.156951        0.136993        0.070327
       -0.513854        0.603806          1.2112
        0.339077       -0.704628       -0.379003
         1.25459        0.737592        -1.71347
        0.523726        -1.02661        0.884419
        -0.98483       -0.628808       -0.779154
        -1.75442         1.33311        0.114192
          2.0723        0.952013       -0.487529
         -1.3758        -1.61186        -1.15827
       0.0709619       -0.502331        -1.40153
       -0.764304       -0.993372        0.251168
        0.132386         -1.4595      -0.0880291
        -1.89205        0.676066       -0.792878
        -2.16714        -1.92712        0.156483
        0.609799       -0.298637        0.904269
         3.86397        0.989711      -0.0025738
         1.11569         1.17079        0.696812
       -0.118468       -0.287079       -0.619413
        0.811639        0.101323        -1.62154
       -0.628188         1.37081       -0.626928
        -1.87985        0.350952       -0.564265
        0.875508       -0.112964         1.30026
        0.347218         1.78347        0.439784
       -0.857669        -1.45565        -1.14596
        -1.73484        0.115316         1.58499
       -0.622347       -0.220361        -1.37782
       -0.380546       -0.387338        0.980173
       -0.342821       -0.809403        0.110734
        0.381872        0.500817       0.0107049
        0.769615       -0.284149         2.37218
        0.445025        0.437204        0.706575
        0.885822       -0.216365         2.41437
        0.626796        0.243641         1.75748
        -2.31356         2.05951       -0.436914
        0.172381        0.149968       -0.324373
       -0.886289        -1.73044        -1.86017
        0.310988        0.435486         0.95206
        0.607791        -1.32408        -1.30966
        0.508884       -0.337591      -0.0831898
         1.64333        -2.51249       -0.937543
        0.803585        0.602105        -1.53587
        -1.53835        0.011944         0.32236
         0.57772        0.172491        0.878351
        -1.66585        -1.99228        0.272862
       0.0524242        -1.28918        -1.00017
        0.837522       -0.694237        -1.03189
        -0.37428        -1.65283       -0.940997
        0.298096        -1.31228         0.90564
       -0.309739       -0.267356        -1.19065
       0.0821412        0.409171         1.81588
        0.657381         1.63051       -0.508621
        -1.35195         0.75198       -0.599964
       -0.432406        -0.32711        0.999323
        0.182322         1.48636       -0.387512
       -0.330468        -1.10096       -0.725046
     -0.00490223         2.10482       -0.198167
        0.532081        0.145565         0.13024
       0.0602587        -1.17777      -0.0188606
       -0.806821         1.25388       -0.128294
        0.270526        0.564516      -0.0233952
         1.00278        -1.60791         -3.1353
        -1.01983        -1.75327        0.130481
        0.705554        0.906802         1.45679
        0.924986       -0.123146       -0.627997
       -0.193812       -0.686275       -0.625533
        0.492647        0.282266       -0.124063
      -0.0774109       -0.331317         0.59368
        -1.28669         1.57987       -0.548789
        0.630511        -2.30792         0.89055
        -1.34169        -1.93471        0.600731
        0.863161        -2.13331        -1.29235
        0.333387        0.949788       -0.495381
        0.746819       -0.103082        -1.40181
        -1.94383         2.12511         1.78279
        0.720392        0.571759         1.12173
         1.45998        0.996363        0.982592
        -0.73167        0.613663        0.154353
        0.510011       -0.244562      0.00224002
         1.18696      -0.0600834       -0.175664
