         1.89592         1.36016          1.9781
       -0.304439        0.440444          1.5348
         1.39092        -1.40907         0.74803
       -0.778935        -1.20787       -0.613933
       -0.584407       -0.623532       -0.219175
       -0.924362        0.436991        -1.56263
        0.390904         1.57882        0.694261
         1.37484        -1.38797         -1.2065
        -0.98165        0.439904        -2.32884
        0.402705       -0.335881        -1.61852
       -0.217019         2.64342       -0.231248
        -1.20463       -0.539464         -1.1242
         1.16156       0.0563518        0.964743
        -2.03792        -1.11232        -2.54573
         1.34323        0.547254      0.00193561
          2.2329       -0.344067        -1.59135
       -0.671468       -0.453611       -0.990396
        0.184492        0.178725        0.486777
         -2.1807        -1.25652         1.57751
       0.0017937          2.8158        -1.02142
         0.67394        0.945946         3.17912
        0.815315        -1.72639        0.362171
        0.448788        0.834372       -0.511762
        0.450583        -0.24294        -1.11284
        -1.12812       -0.440172        0.539286
       -0.546749         2.36232        -3.42575
       -0.452863         2.44874      -0.0389933
         0.95448        0.487326        0.198741
         1.08795        -1.70829       -0.116804
        0.733542        0.861273         1.05164
        0.850235          1.4496        0.522381
        -1.26987       -0.145352         1.72676
        -1.46057       -0.618925       -0.226637
        0.511244       0.0353743        -2.47532
        0.144038        -1.03126         1.57546
          1.1795       -0.656367      -0.0869478
        -1.62072       -0.604919       -0.151604
       -0.634201       -0.486288         1.70927
        0.688036         1.21338        0.251696
       -0.516951        0.464464         0.67881
        -1.17037       0.0476828       -0.712148
       -0.147988        0.754999       -0.283071
        -0.60382         -1.3179        0.658031
        0.385994        -2.25983         1.00389
      -0.0817114        0.750058       -0.774078
        -1.38196         0.24087         2.00304
        0.592365        0.238588       -0.686237
        -1.74142        -2.10298         3.01792
         1.02004        0.254391        0.499344
        -1.98063        0.607727       -0.752731
        0.097179         1.01572       -0.311601
       -0.309956        -1.11782        -1.11559
        -1.44789       -0.362716       0.0396699
        -1.01369        0.505775        0.607313
      -0.0237801        0.465519         2.58065
         1.21666         1.25142       -0.489352
       0.0253058       -0.672927       -0.225711
        -1.28969       -0.147253       -0.125524
         1.22693       -0.794618        0.610424
        0.496048       -0.177791        -1.23577
         2.32752       -0.370522        -2.47451
           0.248        -1.43842        0.247177
         0.61849       -0.644357        -0.80168
        -1.14033        0.883659        0.586576
          -1.076       -0.484139         2.25316
         1.30671        0.751759       -0.261787
        -2.56059         1.36336       -0.171224
        0.108066        0.127346        0.207839
        0.654848        0.978652        -1.29212
         1.12312         1.17873        0.416627
       -0.710522        -1.27993         1.38835
         1.07309       -0.499071         1.14425
         1.02662       -0.564614         1.10669
        -0.37807         1.81409       -0.907301
       -0.267278        -1.02572       -0.651407
        0.248446       -0.302539       -0.508835
         1.43328        0.566316         0.47796
        -1.04354         1.84905        -1.30857
        -1.65329       -0.750129       -0.416685
         1.71427       -0.934873      -0.0786181
        -1.47946        -1.85416         2.16422
        -2.00335      -0.0326958       -0.673663
        0.983517        0.200852        0.502761
        0.261639         1.34845         1.05194
       0.0043003         1.61901        -0.59163
        0.477724        0.139831       -0.196667
        0.302461        0.341524        0.576607
         1.41233       -0.101113       -0.844557
        -1.01901         1.25318       -0.137588
         0.49549       -0.778889       0.0805264
        0.152452       -0.235338        0.515689
       -0.184555         1.13015        0.496423
        -0.45875         1.67589        0.937313
       -0.623028        -2.66512        0.181157
        0.238516       -0.891113        -1.35082
        -0.84057        -1.60751         -2.0189
         1.02999       -0.421479      -0.0568511
        0.378919          1.0402       -0.508444
      -0.0472152        -1.18165       -0.289887
         -1.3475         0.61397       -0.706083
        0.560553        0.999948        -1.20587
        0.451101        -1.03576        0.758612
         2.44952       -0.409061        -0.53499
         1.30568        0.959789        0.509332
        -1.39747        -2.14174        -1.27152
       -0.105082         -1.6711         1.33127
         1.13383         1.29711       0.0416559
       -0.453843        -1.26019          1.3947
