         1.24264       0.0954007      -0.0986062
        0.982267         1.69262        0.969046
         1.61853      -0.0970924        0.543949
        0.127679        0.548545        -1.04476
       -0.292193        0.318964        0.377589
        0.049796        0.670242       -0.825077
       -0.391001       -0.285238        0.234807
      -0.0557823         1.80832        0.511425
        0.522502       0.0865967        0.727661
        -1.59928       -0.791288       -0.554673
       0.0868111        -1.01453         1.12509
        0.324104        -0.34143       -0.675151
        0.455427       -0.501479        0.114216
     -0.00884735         1.12237        -1.36702
       -0.105742       -0.779166        0.147428
       -0.261209       -0.830588         2.00519
       -0.883939       -0.291723       0.0427681
       -0.497007       -0.806569        -1.48604
        -0.43997       -0.570197      -0.0404183
       -0.933784        -1.10187         1.04699
        0.779943        0.486532        0.103767
        0.413551        -1.27913       -0.428918
        0.410154        0.280883       -0.836438
       -0.172278         0.72675        -1.16351
       -0.219206        0.428948        -1.23756
         1.53574       0.0970036        0.172126
        0.288616       -0.346642       -0.106668
        -1.26406       -0.682215          0.5626
         1.37735        0.841411       -0.335856
         1.27488        0.617639        0.807312
        -0.49582        0.350233       0.0213416
      -0.0361791        -0.18475       -0.699211
       -0.831139       -0.178029       -0.674535
        0.607949        0.334254       0.0577199
        0.507913       -0.598726        0.405835
       -0.441893         -1.0942     -0.00797346
       -0.519073         1.21348        0.224067
        0.551618         1.11074        0.337968
       -0.815152         1.24163        0.531237
        -1.06254       -0.557237         1.59176
         -1.1314      -0.0222066        -1.40231
         2.60096        0.187085        0.272957
        0.514209        0.156352       0.0854918
       -0.712532       -0.751255       -0.498646
       -0.762725      -0.0805727       -0.420774
       0.0596869        0.599381       -0.460724
        -1.38687       0.0796328        0.183848
         0.20651        0.349749       0.0458664
        0.129197       -0.170332         1.13338
       -0.330198        -1.64186        -0.85535
        0.339406        -1.73631       -0.724076
         1.60498         1.05251       0.0628314
        0.750054       -0.354723        0.129829
         1.00571       -0.634592       -0.373384
        0.228488       -0.438445        0.748889
       -0.787121       -0.931604         0.91129
        -1.05566        -1.53895       -0.866214
        0.626167        -1.36858       -0.626437
        0.933378         1.72756        0.152101
        -0.90774       -0.386097        0.882074
        0.819554       -0.503039       -0.146499
        0.078277         1.35768        0.708182
       -0.510295        0.579443        0.360254
         0.25776         1.18634       -0.707066
         0.11518        0.614405       -0.407359
        -0.44619        0.197053        0.577216
        0.478735       -0.737689        -1.28418
         1.16408        0.686616        0.102167
       -0.021253       0.0912609        -1.24387
       -0.235082       -0.758866        0.866564
       -0.583666        -1.66155        0.859148
        0.269392      -0.0666811        -1.82366
       -0.530547       -0.467242       0.0207817
       -0.132458       0.0226311         1.25848
         1.01099         -1.0741        0.617964
       -0.576773       -0.144023        0.257303
        -1.28279        0.351382        -0.31149
        0.930948      -0.0264139       -0.954923
        0.424312         1.06154        0.100032
       -0.849449      -0.0140529       -0.229128
       -0.495903         1.47145         1.84521
       -0.354589       -0.887167       -0.470328
       -0.113802        0.796973       -0.872634
       -0.778675        0.119985       -0.383396
         1.32859         1.36684         1.59762
        0.707552       -0.564543      -0.0307326
       -0.275721        0.408963        0.546712
        -0.41904        0.372429       0.0756665
        0.483443        0.629599       -0.638198
        0.687583        0.230091        -2.18423
        -0.67056       -0.327796        0.281107
        0.107282       -0.624165        0.791083
        0.560737       -0.074546          1.2054
       -0.367877       -0.690311        -1.01318
       -0.419059       -0.110242         1.81855
       -0.211066      0.00417165      -0.0892407
         -2.5469         1.15142        0.499245
       -0.660243        0.550846       -0.721732
       -0.341169         1.26832        0.189316
       -0.107598       -0.368488         1.06752
          1.4944       -0.870606        0.348828
       -0.299733         1.25006       -0.809534
      -0.0506675         1.04726         -1.4453
        0.393819       -0.449259         1.85079
        -1.55625       -0.319218        -1.92608
       -0.947587       -0.383088        0.411035
       -0.630469       -0.644779        -1.14596
         1.34689       -0.886098         1.12243
