         1.30295         1.02505        0.793094
       -0.425615        -2.08727       -0.219329
       -0.611711       -0.208298       -0.972748
         2.01398        0.250213        0.586717
         1.38694       -0.131818         1.26008
          2.3027       -0.606516        -0.90478
      -0.0146793        -2.51358        0.192145
       -0.158134         0.23599        0.368042
      -0.0614892       -0.284446         1.17371
         -1.2571        0.883965        0.225727
       -0.117716        -2.04672        -1.34917
        -1.12164       -0.235493       -0.401675
       -0.601832        0.318759         1.12808
         1.89259         1.30836        0.109605
        0.235366        0.871053         1.55136
       -0.354122        -1.18492         1.00277
        0.722374        0.796621         1.01127
        0.031095        -1.32305        -1.52256
       -0.204951         2.21208       -0.509368
       -0.778127        0.295242        0.828987
       -0.594553        0.248031        0.440785
        -1.36953         1.60236         1.16918
       -0.967747       0.0441266         1.17141
         2.30345        0.396386        0.831499
       -0.247156        0.383777        -1.56384
         -1.8654        0.440346         0.18646
       -0.190953         -1.4719       -0.497672
          1.6359       0.0107779        0.581339
       -0.728708       -0.877592         1.01382
        -1.59772       -0.962896       0.0996493
        -1.13864        0.783265        -1.24166
        -1.15982        0.293536      -0.0415449
         -1.1025        -1.90084         3.40906
        -1.34273        -1.42961        -0.80782
         0.79495        0.215625         1.83249
        -1.61181         1.59148        0.842107
         1.49387        -1.12808         0.58733
        0.298868        -1.61177        0.362147
       -0.106838        -2.15546      -0.0438397
       -0.381804         1.33344        0.558431
         1.01248        -0.23549        0.455968
        0.296393        0.958815        -1.19583
       -0.802071         2.42962       -0.903284
       -0.405918        0.472889         -1.5048
        -2.29137        0.796018       -0.642313
         2.77166        0.641841        0.459813
       0.0468963        0.723813         -1.3968
       -0.740122        0.390529        0.257494
        -1.10644         2.25774       -0.217894
        0.418297         1.09354       -0.876476
        -1.64182        -1.15082        -1.01809
        -1.54423         1.08802        -2.16257
         1.48122        -3.61581         -2.9958
        0.123242        0.875117       -0.338813
       -0.870254        0.701125        0.117851
       -0.227118        0.271603        -0.85746
        0.176621        -0.35173        -1.14084
        0.571403         1.11751       -0.528007
        -1.36262        -0.76578       -0.746359
        -1.03074         0.58582       -0.172366
       -0.909512         1.30887         1.18796
         1.11317       -0.395454        -1.13569
         1.80492         0.53914        -2.82086
        -1.01681        -1.10115        -0.84644
         1.06294        -1.43368        0.103441
       -0.343059        -0.47244        -1.07221
        0.943389        -1.51797        -1.37342
       -0.384611        0.670855        -1.32718
       -0.203154       -0.156266        -0.79839
        -1.19846      -0.0750539        0.060061
       -0.920173       -0.548792        0.718984
        -0.44882         1.27661         1.15574
        0.326069      -0.0493328      -0.0747315
       -0.505182        0.185343         1.16455
        0.449704         2.50973       -0.339594
       -0.709147       -0.998634       -0.528858
         1.35272        -1.60336         1.25434
       -0.109606        -1.36937         0.20206
         1.95698         2.45383        0.583155
        0.564771        0.642328        0.845796
       -0.744876       -0.773816       -0.735021
         1.22427       -0.895136       -0.698148
        0.330092        -1.60746        -0.65444
       -0.320211       -0.753469      -0.0417268
      -0.0625259       -0.094397         0.37339
        -1.28018        0.647152        0.190072
        0.931156        0.641625        0.306559
        -1.43605        0.995478      -0.0480562
        -1.34826         1.49205       -0.101313
        -1.16347         -1.6093        0.877708
         1.17378       -0.814232         1.05452
        0.901847       -0.307875          2.1897
        0.195693       -0.598912       -0.450385
       -0.541637         1.43746        0.795766
         1.95333         1.08688        -1.01582
       -0.121669        0.353275        -1.30179
       0.0755223        0.772184       -0.798507
        0.643826        0.908799       0.0126426
        0.638734        -1.54693         1.72224
         1.48156         0.24738        -1.36078
        0.783255       -0.625286         1.57311
       0.0635728         1.52085       0.0161909
        0.921744         -0.3815         1.37315
       -0.626171       -0.516634         1.39639
         1.22133        0.960337       -0.414923
        0.505252       -0.772718        0.156665
       -0.799422        -1.03785       -0.376895
         1.39584       -0.257779         1.16627
